<?xml version="1.0" encoding="UTF-8"?>
<!-- Generated by org.testng.reporters.JUnitReportReporter -->
<testsuite hostname="DESKTOP-RA7U0ME" failures="0" tests="2" name="com.TestNG.DemotestNG3" time="0.032" errors="0" timestamp="2024-01-23T15:33:21 IST" skipped="0">
  <testcase classname="com.TestNG.DemotestNG3" name="runsixthTest" time="0.021"/>
  <testcase classname="com.TestNG.DemotestNG3" name="runSeventhTest" time="0.011"/>
  <system-out>
    <![CDATA[<------Open DB Connection----->
<------Opening the browser---->
<------Opening the browser---->
<------closing the browser---->
<------closing the browser---->
<------closing DB Connection----->]]>
  </system-out>
</testsuite> <!-- com.TestNG.DemotestNG3 -->
