<?xml version="1.0" encoding="UTF-8"?>
<!-- Generated by org.testng.reporters.JUnitReportReporter -->
<testsuite hostname="DESKTOP-RA7U0ME" failures="0" tests="3" name="com.TestNG.DemoDataProvider" time="0.021" errors="0" timestamp="2024-01-17T10:02:40 IST" skipped="0">
  <testcase classname="com.TestNG.DemoDataProvider" name="bookTicketsTest" time="0.012"/>
  <testcase classname="com.TestNG.DemoDataProvider" name="bookTicketsTest" time="0.004"/>
  <testcase classname="com.TestNG.DemoDataProvider" name="bookTicketsTest" time="0.005"/>
</testsuite> <!-- com.TestNG.DemoDataProvider -->
