<?xml version="1.0" encoding="UTF-8"?>
<!-- Generated by org.testng.reporters.JUnitReportReporter -->
<testsuite hostname="DESKTOP-RA7U0ME" failures="0" tests="1" name="approvePendingAccount.ApprovePendingRepoTest" time="10.719" errors="0" timestamp="2024-01-23T14:40:15 IST" skipped="0">
  <testcase classname="approvePendingAccount.ApprovePendingRepoTest" name="runTest" time="10.719"/>
  <system-out>
    <![CDATA[<------Open DB Connection----->
<------Opening the browser---->
<------closing the browser---->
<------closing DB Connection----->]]>
  </system-out>
</testsuite> <!-- approvePendingAccount.ApprovePendingRepoTest -->
