<?xml version="1.0" encoding="UTF-8"?>
<!-- Generated by org.testng.reporters.JUnitReportReporter -->
<testsuite hostname="DESKTOP-RA7U0ME" failures="0" tests="3" name="com.TestNG.PracticeTestNG" time="0.020" errors="0" timestamp="2024-01-17T09:39:33 IST" skipped="0">
  <testcase classname="com.TestNG.PracticeTestNG" name="deleteTest" time="0.005"/>
  <testcase classname="com.TestNG.PracticeTestNG" name="editTest" time="0.003"/>
  <testcase classname="com.TestNG.PracticeTestNG" name="createTest" time="0.012"/>
</testsuite> <!-- com.TestNG.PracticeTestNG -->
