<?xml version="1.0" encoding="UTF-8"?>
<!-- Generated by org.testng.reporters.JUnitReportReporter -->
<testsuite hostname="DESKTOP-RA7U0ME" failures="0" tests="1" name="applyDebitCard.ApplyDebitCardRepoTest" time="5.159" errors="0" timestamp="2024-01-23T14:40:32 IST" skipped="0">
  <testcase classname="applyDebitCard.ApplyDebitCardRepoTest" name="runTest" time="5.159"/>
  <system-out>
    <![CDATA[<------Open DB Connection----->
<------Opening the browser---->
<------closing the browser---->
<------closing DB Connection----->]]>
  </system-out>
</testsuite> <!-- applyDebitCard.ApplyDebitCardRepoTest -->
