<?xml version="1.0" encoding="UTF-8"?>
<!-- Generated by org.testng.reporters.JUnitReportReporter -->
<testsuite hostname="DESKTOP-RA7U0ME" failures="0" tests="1" name="applyDebitCard.ApplyDebitCardNewTest1" time="12.484" errors="0" timestamp="2024-01-17T13:13:31 IST" skipped="0">
  <testcase classname="applyDebitCard.ApplyDebitCardNewTest1" name="runTest" time="12.484"/>
</testsuite> <!-- applyDebitCard.ApplyDebitCardNewTest1 -->
