<?xml version="1.0" encoding="UTF-8"?>
<!-- Generated by org.testng.reporters.JUnitReportReporter -->
<testsuite hostname="DESKTOP-RA7U0ME" failures="0" tests="1" name="applyDebitCard.ApplyDebitCard" time="10.342" errors="0" timestamp="2024-01-12T10:08:29 IST" skipped="0">
  <testcase classname="applyDebitCard.ApplyDebitCard" name="applyDebitTest" time="10.342"/>
</testsuite> <!-- applyDebitCard.ApplyDebitCard -->
