<?xml version="1.0" encoding="UTF-8"?>
<!-- Generated by org.testng.reporters.JUnitReportReporter -->
<testsuite hostname="DESKTOP-RA7U0ME" failures="0" tests="1" name="internetBanking.ApplyInternetBankingTest" time="6.054" errors="0" timestamp="2024-01-10T18:24:32 IST" skipped="0">
  <testcase classname="internetBanking.ApplyInternetBankingTest" name="applyIBTest" time="6.054"/>
</testsuite> <!-- internetBanking.ApplyInternetBankingTest -->
