<?xml version="1.0" encoding="UTF-8"?>
<!-- Generated by org.testng.reporters.JUnitReportReporter -->
<testsuite hostname="DESKTOP-RA7U0ME" failures="0" tests="1" name="openAccount.OpenAccountTest" time="10.121" errors="0" timestamp="2024-01-16T09:59:23 IST" skipped="0">
  <testcase classname="openAccount.OpenAccountTest" name="accountTest" time="10.121"/>
</testsuite> <!-- openAccount.OpenAccountTest -->
