<?xml version="1.0" encoding="UTF-8"?>
<!-- Generated by org.testng.reporters.JUnitReportReporter -->
<testsuite hostname="DESKTOP-RA7U0ME" failures="0" tests="1" name="approvePendingAccount.ApppendingTest" time="10.337" errors="0" timestamp="2024-01-14T14:49:20 IST" skipped="0">
  <testcase classname="approvePendingAccount.ApppendingTest" name="runTest" time="10.337"/>
</testsuite> <!-- approvePendingAccount.ApppendingTest -->
