<?xml version="1.0" encoding="UTF-8"?>
<!-- Generated by org.testng.reporters.JUnitReportReporter -->
<testsuite hostname="DESKTOP-RA7U0ME" failures="0" tests="2" name="com.TestNG.DemoTest2" time="0.012" errors="0" timestamp="2024-01-23T15:33:21 IST" skipped="0">
  <testcase classname="com.TestNG.DemoTest2" name="runFourthTest" time="0.008"/>
  <testcase classname="com.TestNG.DemoTest2" name="runFifthTest" time="0.004"/>
  <system-out>
    <![CDATA[<------Open DB Connection----->
<------Opening the browser---->
<------Opening the browser---->
<------closing the browser---->
<------closing the browser---->
<------closing DB Connection----->]]>
  </system-out>
</testsuite> <!-- com.TestNG.DemoTest2 -->
