<?xml version="1.0" encoding="UTF-8"?>
<!-- Generated by org.testng.reporters.JUnitReportReporter -->
<testsuite hostname="DESKTOP-RA7U0ME" failures="0" tests="1" name="esecure.MavenCommandTestingTest" time="4.932" errors="0" timestamp="2024-01-09T18:04:36 IST" skipped="0">
  <testcase classname="esecure.MavenCommandTestingTest" name="mavenTest" time="4.932"/>
</testsuite> <!-- esecure.MavenCommandTestingTest -->
