<?xml version="1.0" encoding="UTF-8"?>
<!-- Generated by org.testng.reporters.JUnitReportReporter -->
<testsuite hostname="DESKTOP-RA7U0ME" failures="0" tests="1" name="internetBanking.IBLoginTest" time="17.660" errors="0" timestamp="2024-01-11T09:20:50 IST" skipped="0">
  <testcase classname="internetBanking.IBLoginTest" name="customerLoginTest" time="17.660"/>
</testsuite> <!-- internetBanking.IBLoginTest -->
