<?xml version="1.0" encoding="UTF-8"?>
<!-- Generated by org.testng.reporters.JUnitReportReporter -->
<testsuite hostname="DESKTOP-RA7U0ME" failures="0" tests="3" name="com.TestNG.DemoTest" time="0.022" errors="0" timestamp="2024-01-23T15:33:21 IST" skipped="0">
  <testcase classname="com.TestNG.DemoTest" name="runFirstTest" time="0.002"/>
  <testcase classname="com.TestNG.DemoTest" name="runTwoTest" time="0.012"/>
  <testcase classname="com.TestNG.DemoTest" name="runThreeTest" time="0.008"/>
  <system-out>
    <![CDATA[<------Open DB Connection----->
<------Opening the browser---->
<------Opening the browser---->
<------closing the browser---->
<------closing the browser---->
<------closing DB Connection----->]]>
  </system-out>
</testsuite> <!-- com.TestNG.DemoTest -->
