<?xml version="1.0" encoding="UTF-8"?>
<!-- Generated by org.testng.reporters.JUnitReportReporter -->
<testsuite hostname="DESKTOP-RA7U0ME" failures="0" tests="1" name="creditCustomer_StaffLogin.CreditCustomer" time="8.013" errors="0" timestamp="2024-01-11T09:39:10 IST" skipped="0">
  <testcase classname="creditCustomer_StaffLogin.CreditCustomer" name="creditCustomer" time="8.013"/>
</testsuite> <!-- creditCustomer_StaffLogin.CreditCustomer -->
