<?xml version="1.0" encoding="UTF-8"?>
<!-- Generated by org.testng.reporters.JUnitReportReporter -->
<testsuite hostname="DESKTOP-RA7U0ME" failures="0" tests="1" name="com.TestNG.DemoAnnotationTest" time="0.023" errors="0" timestamp="2024-01-17T12:18:24 IST" skipped="0">
  <testcase classname="com.TestNG.DemoAnnotationTest" name="testScriptTest" time="0.023"/>
</testsuite> <!-- com.TestNG.DemoAnnotationTest -->
